<?xml version="1.0" encoding="UTF-8"?>
<coverage generated="1529835550531" clover="3.2.0">
  <project timestamp="1529835550532" name="All files">
    <metrics statements="17" coveredstatements="3" conditionals="0" coveredconditionals="0" methods="6" coveredmethods="3" elements="23" coveredelements="6" complexity="0" loc="17" ncloc="17" packages="2" files="2" classes="2">
      <package name="src">
        <metrics statements="15" coveredstatements="1" conditionals="0" coveredconditionals="0" methods="5" coveredmethods="2"/>
        <file name="VueMicrobitWebUSB.vue" path="/Users/aki/workspace/makitosan/vue-microbit-webusb/src/VueMicrobitWebUSB.vue">
          <metrics statements="15" coveredstatements="1" conditionals="0" coveredconditionals="0" methods="5" coveredmethods="2"/>
          <line num="33" count="1" type="stmt"/>
          <line num="39" count="0" type="stmt"/>
          <line num="40" count="0" type="stmt"/>
          <line num="41" count="0" type="stmt"/>
          <line num="42" count="0" type="stmt"/>
          <line num="43" count="0" type="stmt"/>
          <line num="47" count="0" type="stmt"/>
          <line num="48" count="0" type="stmt"/>
          <line num="49" count="0" type="stmt"/>
          <line num="50" count="0" type="stmt"/>
          <line num="52" count="0" type="stmt"/>
          <line num="53" count="0" type="stmt"/>
          <line num="55" count="0" type="stmt"/>
          <line num="57" count="0" type="stmt"/>
          <line num="58" count="0" type="stmt"/>
        </file>
      </package>
      <package name="test">
        <metrics statements="2" coveredstatements="2" conditionals="0" coveredconditionals="0" methods="1" coveredmethods="1"/>
        <file name="sum.js" path="/Users/aki/workspace/makitosan/vue-microbit-webusb/test/sum.js">
          <metrics statements="2" coveredstatements="2" conditionals="0" coveredconditionals="0" methods="1" coveredmethods="1"/>
          <line num="2" count="1" type="stmt"/>
          <line num="4" count="1" type="stmt"/>
        </file>
      </package>
    </metrics>
  </project>
</coverage>
