<?xml version="1.0" encoding="UTF-8"?>
<coverage generated="1529888824942" clover="3.2.0">
  <project timestamp="1529888824942" name="All files">
    <metrics statements="6" coveredstatements="6" conditionals="0" coveredconditionals="0" methods="5" coveredmethods="5" elements="11" coveredelements="11" complexity="0" loc="6" ncloc="6" packages="1" files="1" classes="1">
      <file name="VueMicrobitWebUSB.vue" path="/Users/aki/workspace/makitosan/vue-microbit-webusb/src/VueMicrobitWebUSB.vue">
        <metrics statements="6" coveredstatements="6" conditionals="0" coveredconditionals="0" methods="5" coveredmethods="5"/>
        <line num="29" count="5" type="stmt"/>
        <line num="34" count="3" type="stmt"/>
        <line num="35" count="3" type="stmt"/>
        <line num="41" count="2" type="stmt"/>
        <line num="43" count="1" type="stmt"/>
        <line num="44" count="1" type="stmt"/>
      </file>
    </metrics>
  </project>
</coverage>
