{"/Users/aki/workspace/makitosan/vue-microbit-webusb/src/VueMicrobitWebUSB.vue": {"path":"/Users/aki/workspace/makitosan/vue-microbit-webusb/src/VueMicrobitWebUSB.vue","statementMap":{"0":{"start":{"line":29,"column":0},"end":{"line":null,"column":-1}},"1":{"start":{"line":34,"column":0},"end":{"line":null,"column":-1}},"2":{"start":{"line":35,"column":0},"end":{"line":45,"column":0}},"3":{"start":{"line":41,"column":0},"end":{"line":null,"column":-1}},"4":{"start":{"line":43,"column":0},"end":{"line":null,"column":-1}},"5":{"start":{"line":44,"column":0},"end":{"line":null,"column":-1}}},"fnMap":{"0":{"name":"data","decl":{"start":{"line":28,"column":0},"end":{"line":null,"column":-1}},"loc":{"start":{"line":28,"column":0},"end":{"line":30,"column":0}}},"1":{"name":"created","decl":{"start":{"line":31,"column":0},"end":{"line":null,"column":-1}},"loc":{"start":{"line":31,"column":0},"end":{"line":null,"column":-1}}},"2":{"name":"connectUsbDevice","decl":{"start":{"line":34,"column":0},"end":{"line":null,"column":-1}},"loc":{"start":{"line":34,"column":0},"end":{"line":46,"column":0}}},"3":{"name":"(anonymous_4)","decl":{"start":{"line":35,"column":0},"end":{"line":null,"column":-1}},"loc":{"start":{"line":35,"column":0},"end":{"line":42,"column":0}}},"4":{"name":"(anonymous_5)","decl":{"start":{"line":42,"column":0},"end":{"line":null,"column":-1}},"loc":{"start":{"line":42,"column":0},"end":{"line":45,"column":0}}}},"branchMap":{},"s":{"0":5,"1":3,"2":3,"3":2,"4":1,"5":1},"f":{"0":5,"1":5,"2":3,"3":2,"4":1},"b":{}}
}
