TN:
SF:/Users/aki/workspace/makitosan/vue-microbit-webusb/src/VueMicrobitWebUSB.vue
FN:32,data
FN:36,created
FN:39,connectUsbDevice
FN:43,(anonymous_4)
FN:56,(anonymous_5)
FNF:5
FNH:2
FNDA:1,data
FNDA:1,created
FNDA:0,connectUsbDevice
FNDA:0,(anonymous_4)
FNDA:0,(anonymous_5)
DA:33,1
DA:39,0
DA:40,0
DA:41,0
DA:42,0
DA:43,0
DA:47,0
DA:48,0
DA:49,0
DA:50,0
DA:52,0
DA:53,0
DA:55,0
DA:57,0
DA:58,0
LF:15
LH:1
BRF:0
BRH:0
end_of_record
TN:
SF:/Users/aki/workspace/makitosan/vue-microbit-webusb/test/sum.js
FN:1,sum
FNF:1
FNH:1
FNDA:1,sum
DA:2,1
DA:4,1
LF:2
LH:2
BRF:0
BRH:0
end_of_record
